This is pdfTeX, Version 3.14159265-2.6-1.40.19 (TeX Live 2018/NixOS.org) (preloaded format=pdflatex 2020.11.17)  6 MAY 2021 23:13
entering extended mode
 restricted \write18 enabled.
 file:line:error style messages enabled.
 %&-line parsing enabled.
**\input phys4004_assignment_2_mpi.tex
(./phys4004_assignment_2_mpi.tex
(/nix/store/l1iz05g9hz5h2nhnd68a63acs5lxnn1n-texlive-combined-full-2018/share/t
exmf/tex/latex/base/article.cls
Document Class: article 2018/09/03 v1.4i Standard LaTeX document class

(/nix/store/l1iz05g9hz5h2nhnd68a63acs5lxnn1n-texlive-combined-full-2018/share/t
exmf/tex/latex/base/size10.clo
File: size10.clo 2018/09/03 v1.4i Standard LaTeX file (size option)
)
\c@part=\count80
\c@section=\count81
\c@subsection=\count82
\c@subsubsection=\count83
\c@paragraph=\count84
\c@subparagraph=\count85
\c@figure=\count86
\c@table=\count87
\abovecaptionskip=\skip41
\belowcaptionskip=\skip42
\bibindent=\dimen102
) (./base.sty
Package: base 2016/11/09 v1.0 Standard LaTeX package

(/nix/store/l1iz05g9hz5h2nhnd68a63acs5lxnn1n-texlive-combined-full-2018/share/t
exmf/tex/latex/nag/nag.sty
Package: nag 2011/11/25 0.7 warning about old commands (ulmi)
\c@nag@c=\count88
\c@nag@sins=\count89
Package nag Info: Loaded nag-l2tabu.cfg  on input line 552.

(/nix/store/l1iz05g9hz5h2nhnd68a63acs5lxnn1n-texlive-combined-full-2018/share/t
exmf/tex/latex/nag/nag-l2tabu.cfg
File: nag-l2tabu.cfg 2010/05/17 v2.11 l2tabu rules for nag.sty (ulmi)
)
Package nag Info: Loaded nag-orthodox.cfg  on input line 552.

(/nix/store/l1iz05g9hz5h2nhnd68a63acs5lxnn1n-texlive-combined-full-2018/share/t
exmf/tex/latex/nag/nag-orthodox.cfg
File: nag-orthodox.cfg 2006/04/19 v1.8 strict rules for nag.sty (ulmi)
))
(/nix/store/l1iz05g9hz5h2nhnd68a63acs5lxnn1n-texlive-combined-full-2018/share/t
exmf/tex/generic/babel/babel.sty
Package: babel 2018/11/13 3.27 The Babel package

(/nix/store/l1iz05g9hz5h2nhnd68a63acs5lxnn1n-texlive-combined-full-2018/share/t
exmf/tex/generic/babel/switch.def
File: switch.def 2018/11/13 3.27 Babel switching mechanism
)
(/nix/store/l1iz05g9hz5h2nhnd68a63acs5lxnn1n-texlive-combined-full-2018/share/t
exmf/tex/generic/babel-english/english.ldf
Language: english 2017/06/06 v3.3r English support from the babel system

(/nix/store/l1iz05g9hz5h2nhnd68a63acs5lxnn1n-texlive-combined-full-2018/share/t
exmf/tex/generic/babel/babel.def
File: babel.def 2018/11/13 3.27 Babel common definitions
\babel@savecnt=\count90
\U@D=\dimen103

(/nix/store/l1iz05g9hz5h2nhnd68a63acs5lxnn1n-texlive-combined-full-2018/share/t
exmf/tex/generic/babel/txtbabel.def)
\bbl@dirlevel=\count91
)
\l@canadian = a dialect from \language\l@american 
\l@australian = a dialect from \language\l@british 
\l@newzealand = a dialect from \language\l@british 
))
(/nix/store/l1iz05g9hz5h2nhnd68a63acs5lxnn1n-texlive-combined-full-2018/share/t
exmf/tex/latex/base/inputenc.sty
Package: inputenc 2018/08/11 v1.3c Input encoding file
\inpenc@prehook=\toks14
\inpenc@posthook=\toks15

(/nix/store/l1iz05g9hz5h2nhnd68a63acs5lxnn1n-texlive-combined-full-2018/share/t
exmf/tex/latex/ucs/utf8x.def
File: utf8x.def 2004/10/17 UCS: Input encoding UTF-8
))
(/nix/store/l1iz05g9hz5h2nhnd68a63acs5lxnn1n-texlive-combined-full-2018/share/t
exmf/tex/latex/ucs/ucs.sty
Package: ucs 2013/05/11 v2.2 UCS: Unicode input support

(/nix/store/l1iz05g9hz5h2nhnd68a63acs5lxnn1n-texlive-combined-full-2018/share/t
exmf/tex/latex/ucs/data/uni-global.def
File: uni-global.def 2013/05/13 UCS: Unicode global data
)
\uc@secondtry=\count92
\uc@combtoks=\toks16
\uc@combtoksb=\toks17
\uc@temptokena=\toks18
)
(/nix/store/l1iz05g9hz5h2nhnd68a63acs5lxnn1n-texlive-combined-full-2018/share/t
exmf/tex/latex/microtype/microtype.sty
Package: microtype 2018/01/14 v2.7a Micro-typographical refinements (RS)

(/nix/store/l1iz05g9hz5h2nhnd68a63acs5lxnn1n-texlive-combined-full-2018/share/t
exmf/tex/latex/graphics/keyval.sty
Package: keyval 2014/10/28 v1.15 key=value parser (DPC)
\KV@toks@=\toks19
)
\MT@toks=\toks20
\MT@count=\count93
LaTeX Info: Redefining \textls on input line 793.
\MT@outer@kern=\dimen104
LaTeX Info: Redefining \textmicrotypecontext on input line 1339.
\MT@listname@count=\count94

(/nix/store/l1iz05g9hz5h2nhnd68a63acs5lxnn1n-texlive-combined-full-2018/share/t
exmf/tex/latex/microtype/microtype-pdftex.def
File: microtype-pdftex.def 2018/01/14 v2.7a Definitions specific to pdftex (RS)

LaTeX Info: Redefining \lsstyle on input line 913.
LaTeX Info: Redefining \lslig on input line 913.
\MT@outer@space=\skip43
)
Package microtype Info: Loading configuration file microtype.cfg.

(/nix/store/l1iz05g9hz5h2nhnd68a63acs5lxnn1n-texlive-combined-full-2018/share/t
exmf/tex/latex/microtype/microtype.cfg
File: microtype.cfg 2018/01/14 v2.7a microtype main configuration file (RS)
))
(/nix/store/l1iz05g9hz5h2nhnd68a63acs5lxnn1n-texlive-combined-full-2018/share/t
exmf/tex/latex/xifthen/xifthen.sty
Package: xifthen 2015/11/05 v1.4.0 Extended ifthen features

(/nix/store/l1iz05g9hz5h2nhnd68a63acs5lxnn1n-texlive-combined-full-2018/share/t
exmf/tex/latex/tools/calc.sty
Package: calc 2017/05/25 v4.3 Infix arithmetic (KKT,FJ)
\calc@Acount=\count95
\calc@Bcount=\count96
\calc@Adimen=\dimen105
\calc@Bdimen=\dimen106
\calc@Askip=\skip44
\calc@Bskip=\skip45
LaTeX Info: Redefining \setlength on input line 80.
LaTeX Info: Redefining \addtolength on input line 81.
\calc@Ccount=\count97
\calc@Cskip=\skip46
)
(/nix/store/l1iz05g9hz5h2nhnd68a63acs5lxnn1n-texlive-combined-full-2018/share/t
exmf/tex/latex/base/ifthen.sty
Package: ifthen 2014/09/29 v1.1c Standard LaTeX ifthen package (DPC)
)
(/nix/store/l1iz05g9hz5h2nhnd68a63acs5lxnn1n-texlive-combined-full-2018/share/t
exmf/tex/latex/ifmtarg/ifmtarg.sty
Package: ifmtarg 2018/04/16 v1.2b check for an empty argument
))
(/nix/store/l1iz05g9hz5h2nhnd68a63acs5lxnn1n-texlive-combined-full-2018/share/t
exmf/tex/latex/etoolbox/etoolbox.sty
Package: etoolbox 2018/08/19 v2.5f e-TeX tools for LaTeX (JAW)
\etb@tempcnta=\count98
)
(/nix/store/l1iz05g9hz5h2nhnd68a63acs5lxnn1n-texlive-combined-full-2018/share/t
exmf/tex/latex/amsmath/amsmath.sty
Package: amsmath 2018/12/01 v2.17b AMS math features
\@mathmargin=\skip47

For additional information on amsmath, use the `?' option.

(/nix/store/l1iz05g9hz5h2nhnd68a63acs5lxnn1n-texlive-combined-full-2018/share/t
exmf/tex/latex/amsmath/amstext.sty
Package: amstext 2000/06/29 v2.01 AMS text

(/nix/store/l1iz05g9hz5h2nhnd68a63acs5lxnn1n-texlive-combined-full-2018/share/t
exmf/tex/latex/amsmath/amsgen.sty
File: amsgen.sty 1999/11/30 v2.0 generic functions
\@emptytoks=\toks21
\ex@=\dimen107
))
(/nix/store/l1iz05g9hz5h2nhnd68a63acs5lxnn1n-texlive-combined-full-2018/share/t
exmf/tex/latex/amsmath/amsbsy.sty
Package: amsbsy 1999/11/29 v1.2d Bold Symbols
\pmbraise@=\dimen108
)
(/nix/store/l1iz05g9hz5h2nhnd68a63acs5lxnn1n-texlive-combined-full-2018/share/t
exmf/tex/latex/amsmath/amsopn.sty
Package: amsopn 2016/03/08 v2.02 operator names
)
\inf@bad=\count99
LaTeX Info: Redefining \frac on input line 223.
\uproot@=\count100
\leftroot@=\count101
LaTeX Info: Redefining \overline on input line 385.
\classnum@=\count102
\DOTSCASE@=\count103
LaTeX Info: Redefining \ldots on input line 482.
LaTeX Info: Redefining \dots on input line 485.
LaTeX Info: Redefining \cdots on input line 606.
\Mathstrutbox@=\box27
\strutbox@=\box28
\big@size=\dimen109
LaTeX Font Info:    Redeclaring font encoding OML on input line 729.
LaTeX Font Info:    Redeclaring font encoding OMS on input line 730.
\macc@depth=\count104
\c@MaxMatrixCols=\count105
\dotsspace@=\muskip10
\c@parentequation=\count106
\dspbrk@lvl=\count107
\tag@help=\toks22
\row@=\count108
\column@=\count109
\maxfields@=\count110
\andhelp@=\toks23
\eqnshift@=\dimen110
\alignsep@=\dimen111
\tagshift@=\dimen112
\tagwidth@=\dimen113
\totwidth@=\dimen114
\lineht@=\dimen115
\@envbody=\toks24
\multlinegap=\skip48
\multlinetaggap=\skip49
\mathdisplay@stack=\toks25
LaTeX Info: Redefining \[ on input line 2844.
LaTeX Info: Redefining \] on input line 2845.
)
(/nix/store/l1iz05g9hz5h2nhnd68a63acs5lxnn1n-texlive-combined-full-2018/share/t
exmf/tex/latex/amsfonts/amssymb.sty
Package: amssymb 2013/01/14 v3.01 AMS font symbols

(/nix/store/l1iz05g9hz5h2nhnd68a63acs5lxnn1n-texlive-combined-full-2018/share/t
exmf/tex/latex/amsfonts/amsfonts.sty
Package: amsfonts 2013/01/14 v3.01 Basic AMSFonts support
\symAMSa=\mathgroup4
\symAMSb=\mathgroup5
LaTeX Font Info:    Overwriting math alphabet `\mathfrak' in version `bold'
(Font)                  U/euf/m/n --> U/euf/b/n on input line 106.
))
(/nix/store/l1iz05g9hz5h2nhnd68a63acs5lxnn1n-texlive-combined-full-2018/share/t
exmf/tex/latex/mathtools/mathtools.sty
Package: mathtools 2018/01/08 v1.21 mathematical typesetting tools

(/nix/store/l1iz05g9hz5h2nhnd68a63acs5lxnn1n-texlive-combined-full-2018/share/t
exmf/tex/latex/mathtools/mhsetup.sty
Package: mhsetup 2017/03/31 v1.3 programming setup (MH)
)
LaTeX Info: Thecontrolsequence`\('isalreadyrobust on input line 129.
LaTeX Info: Thecontrolsequence`\)'isalreadyrobust on input line 129.
LaTeX Info: Thecontrolsequence`\['isalreadyrobust on input line 129.
LaTeX Info: Thecontrolsequence`\]'isalreadyrobust on input line 129.
\g_MT_multlinerow_int=\count111
\l_MT_multwidth_dim=\dimen116
\origjot=\skip50
\l_MT_shortvdotswithinadjustabove_dim=\dimen117
\l_MT_shortvdotswithinadjustbelow_dim=\dimen118
\l_MT_above_intertext_sep=\dimen119
\l_MT_below_intertext_sep=\dimen120
\l_MT_above_shortintertext_sep=\dimen121
\l_MT_below_shortintertext_sep=\dimen122
)
(/nix/store/l1iz05g9hz5h2nhnd68a63acs5lxnn1n-texlive-combined-full-2018/share/t
exmf/tex/latex/physics/physics.sty
Package: physics 

(/nix/store/l1iz05g9hz5h2nhnd68a63acs5lxnn1n-texlive-combined-full-2018/share/t
exmf/tex/latex/l3packages/xparse/xparse.sty
(/nix/store/l1iz05g9hz5h2nhnd68a63acs5lxnn1n-texlive-combined-full-2018/share/t
exmf/tex/latex/l3kernel/expl3.sty
Package: expl3 2019-02-15 L3 programming layer (loader) 

(/nix/store/l1iz05g9hz5h2nhnd68a63acs5lxnn1n-texlive-combined-full-2018/share/t
exmf/tex/latex/l3kernel/expl3-code.tex
Package: expl3 2019-02-15 L3 programming layer (code)
\c_max_int=\count112
\l_tmpa_int=\count113
\l_tmpb_int=\count114
\g_tmpa_int=\count115
\g_tmpb_int=\count116
\g__kernel_prg_map_int=\count117
\c_log_iow=\count118
\l_iow_line_count_int=\count119
\l__iow_line_target_int=\count120
\l__iow_one_indent_int=\count121
\l__iow_indent_int=\count122
\c_zero_dim=\dimen123
\c_max_dim=\dimen124
\l_tmpa_dim=\dimen125
\l_tmpb_dim=\dimen126
\g_tmpa_dim=\dimen127
\g_tmpb_dim=\dimen128
\c_zero_skip=\skip51
\c_max_skip=\skip52
\l_tmpa_skip=\skip53
\l_tmpb_skip=\skip54
\g_tmpa_skip=\skip55
\g_tmpb_skip=\skip56
\c_zero_muskip=\muskip11
\c_max_muskip=\muskip12
\l_tmpa_muskip=\muskip13
\l_tmpb_muskip=\muskip14
\g_tmpa_muskip=\muskip15
\g_tmpb_muskip=\muskip16
\l_keys_choice_int=\count123
\l__intarray_loop_int=\count124
\c__intarray_sp_dim=\dimen129
\g__intarray_font_int=\count125
\c__fp_leading_shift_int=\count126
\c__fp_middle_shift_int=\count127
\c__fp_trailing_shift_int=\count128
\c__fp_big_leading_shift_int=\count129
\c__fp_big_middle_shift_int=\count130
\c__fp_big_trailing_shift_int=\count131
\c__fp_Bigg_leading_shift_int=\count132
\c__fp_Bigg_middle_shift_int=\count133
\c__fp_Bigg_trailing_shift_int=\count134
\c__kernel_randint_max_int=\count135
\g__fp_array_int=\count136
\l__fp_array_loop_int=\count137
\l__sort_length_int=\count138
\l__sort_min_int=\count139
\l__sort_top_int=\count140
\l__sort_max_int=\count141
\l__sort_true_max_int=\count142
\l__sort_block_int=\count143
\l__sort_begin_int=\count144
\l__sort_end_int=\count145
\l__sort_A_int=\count146
\l__sort_B_int=\count147
\l__sort_C_int=\count148
\l__tl_analysis_normal_int=\count149
\l__tl_analysis_index_int=\count150
\l__tl_analysis_nesting_int=\count151
\l__tl_analysis_type_int=\count152
\l__regex_internal_a_int=\count153
\l__regex_internal_b_int=\count154
\l__regex_internal_c_int=\count155
\l__regex_balance_int=\count156
\l__regex_group_level_int=\count157
\l__regex_mode_int=\count158
\c__regex_cs_in_class_mode_int=\count159
\c__regex_cs_mode_int=\count160
\l__regex_catcodes_int=\count161
\l__regex_default_catcodes_int=\count162
\c__regex_catcode_D_int=\count163
\c__regex_catcode_S_int=\count164
\c__regex_catcode_L_int=\count165
\c__regex_catcode_O_int=\count166
\c__regex_catcode_A_int=\count167
\c__regex_all_catcodes_int=\count168
\l__regex_show_lines_int=\count169
\l__regex_min_state_int=\count170
\l__regex_max_state_int=\count171
\l__regex_left_state_int=\count172
\l__regex_right_state_int=\count173
\l__regex_capturing_group_int=\count174
\l__regex_min_pos_int=\count175
\l__regex_max_pos_int=\count176
\l__regex_curr_pos_int=\count177
\l__regex_start_pos_int=\count178
\l__regex_success_pos_int=\count179
\l__regex_curr_char_int=\count180
\l__regex_curr_catcode_int=\count181
\l__regex_last_char_int=\count182
\l__regex_case_changed_char_int=\count183
\l__regex_curr_state_int=\count184
\l__regex_step_int=\count185
\l__regex_min_active_int=\count186
\l__regex_max_active_int=\count187
\l__regex_replacement_csnames_int=\count188
\l__regex_match_count_int=\count189
\l__regex_min_submatch_int=\count190
\l__regex_submatch_int=\count191
\l__regex_zeroth_submatch_int=\count192
\g__regex_trace_regex_int=\count193
\c_empty_box=\box29
\l_tmpa_box=\box30
\l_tmpb_box=\box31
\g_tmpa_box=\box32
\g_tmpb_box=\box33
\l__box_top_dim=\dimen130
\l__box_bottom_dim=\dimen131
\l__box_left_dim=\dimen132
\l__box_right_dim=\dimen133
\l__box_top_new_dim=\dimen134
\l__box_bottom_new_dim=\dimen135
\l__box_left_new_dim=\dimen136
\l__box_right_new_dim=\dimen137
\l__box_internal_box=\box34
\l__coffin_internal_box=\box35
\l__coffin_internal_dim=\dimen138
\l__coffin_offset_x_dim=\dimen139
\l__coffin_offset_y_dim=\dimen140
\l__coffin_x_dim=\dimen141
\l__coffin_y_dim=\dimen142
\l__coffin_x_prime_dim=\dimen143
\l__coffin_y_prime_dim=\dimen144
\c_empty_coffin=\box36
\l__coffin_aligned_coffin=\box37
\l__coffin_aligned_internal_coffin=\box38
\l_tmpa_coffin=\box39
\l_tmpb_coffin=\box40
\g_tmpa_coffin=\box41
\g_tmpb_coffin=\box42
\c__coffin_empty_coffin=\box43
\l__coffin_display_coffin=\box44
\l__coffin_display_coord_coffin=\box45
\l__coffin_display_pole_coffin=\box46
\l__coffin_display_offset_dim=\dimen145
\l__coffin_display_x_dim=\dimen146
\l__coffin_display_y_dim=\dimen147
\g__file_internal_ior=\read1
\l__coffin_bounding_shift_dim=\dimen148
\l__coffin_left_corner_dim=\dimen149
\l__coffin_right_corner_dim=\dimen150
\l__coffin_bottom_corner_dim=\dimen151
\l__coffin_top_corner_dim=\dimen152
\l__coffin_scaled_total_height_dim=\dimen153
\l__coffin_scaled_width_dim=\dimen154
\l__seq_internal_a_int=\count194
\l__seq_internal_b_int=\count195
)
(/nix/store/l1iz05g9hz5h2nhnd68a63acs5lxnn1n-texlive-combined-full-2018/share/t
exmf/tex/latex/l3kernel/l3pdfmode.def
File: l3pdfmode.def 2019-02-15 v L3 Experimental driver: PDF mode
\l__driver_color_stack_int=\count196
))
Package: xparse 2018-10-17 L3 Experimental document command parser
\l__xparse_current_arg_int=\count197
\g__xparse_grabber_int=\count198
\l__xparse_m_args_int=\count199
\l__xparse_mandatory_args_int=\count266
\l__xparse_v_nesting_int=\count267
))
(/nix/store/l1iz05g9hz5h2nhnd68a63acs5lxnn1n-texlive-combined-full-2018/share/t
exmf/tex/latex/siunitx/siunitx.sty
Package: siunitx 2018/05/17 v2.7s A comprehensive (SI) units package

(/nix/store/l1iz05g9hz5h2nhnd68a63acs5lxnn1n-texlive-combined-full-2018/share/t
exmf/tex/latex/tools/array.sty
Package: array 2018/12/30 v2.4k Tabular extension package (FMi)
\col@sep=\dimen155
\ar@mcellbox=\box47
\extrarowheight=\dimen156
\NC@list=\toks26
\extratabsurround=\skip57
\backup@length=\skip58
\ar@cellbox=\box48
)
(/nix/store/l1iz05g9hz5h2nhnd68a63acs5lxnn1n-texlive-combined-full-2018/share/t
exmf/tex/latex/l3packages/l3keys2e/l3keys2e.sty
Package: l3keys2e 2018-10-17 LaTeX2e option processing using LaTeX3 keys
)
\l__siunitx_tmp_box=\box49
\l__siunitx_tmp_dim=\dimen157
\l__siunitx_tmp_int=\count268
\l__siunitx_number_mantissa_length_int=\count269
\l__siunitx_number_uncert_length_int=\count270
\l__siunitx_round_int=\count271
\l__siunitx_process_decimal_int=\count272
\l__siunitx_process_uncertainty_int=\count273
\l__siunitx_process_fixed_int=\count274
\l__siunitx_process_integer_min_int=\count275
\l__siunitx_process_precision_int=\count276
\l__siunitx_group_min_int=\count277
\l__siunitx_angle_marker_box=\box50
\l__siunitx_angle_unit_box=\box51
\l__siunitx_angle_marker_dim=\dimen158
\l__siunitx_angle_unit_dim=\dimen159
\l__siunitx_unit_int=\count278
\l__siunitx_unit_denominator_int=\count279
\l__siunitx_unit_numerator_int=\count280
\l__siunitx_unit_prefix_int=\count281
\l__siunitx_unit_prefix_base_int=\count282
\l__siunitx_unit_prefix_gram_int=\count283
\l__siunitx_number_product_int=\count284
\c__siunitx_one_fill_skip=\skip59
\l__siunitx_table_unit_align_skip=\skip60
\l__siunitx_table_exponent_dim=\dimen160
\l__siunitx_table_integer_dim=\dimen161
\l__siunitx_table_mantissa_dim=\dimen162
\l__siunitx_table_marker_dim=\dimen163
\l__siunitx_table_result_dim=\dimen164
\l__siunitx_table_uncert_dim=\dimen165
\l__siunitx_table_fill_pre_dim=\dimen166
\l__siunitx_table_fill_post_dim=\dimen167
\l__siunitx_table_fill_mid_dim=\dimen168
\l__siunitx_table_pre_box=\box52
\l__siunitx_table_post_box=\box53
\l__siunitx_table_mantissa_box=\box54
\l__siunitx_table_result_box=\box55
\l__siunitx_table_number_align_skip=\skip61
\l__siunitx_table_text_align_skip=\skip62

(/nix/store/l1iz05g9hz5h2nhnd68a63acs5lxnn1n-texlive-combined-full-2018/share/t
exmf/tex/latex/translator/translator.sty
Package: translator 2018/01/04 v1.12 Easy translation of strings in LaTeX
))
(/nix/store/l1iz05g9hz5h2nhnd68a63acs5lxnn1n-texlive-combined-full-2018/share/t
exmf/tex/latex/tensor/tensor.sty
Package: tensor 2004/12/20 v2.1 tensor indices package (PGR)
\tnsr@Sps=\toks27
\tnsr@Sbs=\toks28
\tnsr@Spe=\toks29
\tnsr@Sbe=\toks30
\ncld@Mno=\toks31
)
(/nix/store/l1iz05g9hz5h2nhnd68a63acs5lxnn1n-texlive-combined-full-2018/share/t
exmf/tex/latex/geometry/geometry.sty
Package: geometry 2018/04/16 v5.8 Page Geometry

(/nix/store/l1iz05g9hz5h2nhnd68a63acs5lxnn1n-texlive-combined-full-2018/share/t
exmf/tex/generic/oberdiek/ifpdf.sty
Package: ifpdf 2018/09/07 v3.3 Provides the ifpdf switch
)
(/nix/store/l1iz05g9hz5h2nhnd68a63acs5lxnn1n-texlive-combined-full-2018/share/t
exmf/tex/generic/oberdiek/ifvtex.sty
Package: ifvtex 2016/05/16 v1.6 Detect VTeX and its facilities (HO)
Package ifvtex Info: VTeX not detected.
)
(/nix/store/l1iz05g9hz5h2nhnd68a63acs5lxnn1n-texlive-combined-full-2018/share/t
exmf/tex/generic/ifxetex/ifxetex.sty
Package: ifxetex 2010/09/12 v0.6 Provides ifxetex conditional
)
\Gm@cnth=\count285
\Gm@cntv=\count286
\c@Gm@tempcnt=\count287
\Gm@bindingoffset=\dimen169
\Gm@wd@mp=\dimen170
\Gm@odd@mp=\dimen171
\Gm@even@mp=\dimen172
\Gm@layoutwidth=\dimen173
\Gm@layoutheight=\dimen174
\Gm@layouthoffset=\dimen175
\Gm@layoutvoffset=\dimen176
\Gm@dimlist=\toks32
)
(/nix/store/l1iz05g9hz5h2nhnd68a63acs5lxnn1n-texlive-combined-full-2018/share/t
exmf/tex/latex/caption/caption.sty
Package: caption 2018/10/06 v3.3-154 Customizing captions (AR)

(/nix/store/l1iz05g9hz5h2nhnd68a63acs5lxnn1n-texlive-combined-full-2018/share/t
exmf/tex/latex/caption/caption3.sty
Package: caption3 2018/09/12 v1.8c caption3 kernel (AR)
Package caption3 Info: TeX engine: e-TeX on input line 64.
\captionmargin=\dimen177
\captionmargin@=\dimen178
\captionwidth=\dimen179
\caption@tempdima=\dimen180
\caption@indent=\dimen181
\caption@parindent=\dimen182
\caption@hangindent=\dimen183
)
\c@caption@flags=\count288
\c@ContinuedFloat=\count289
)
(/nix/store/l1iz05g9hz5h2nhnd68a63acs5lxnn1n-texlive-combined-full-2018/share/t
exmf/tex/latex/caption/subcaption.sty
Package: subcaption 2018/05/01 v1.1-162 Sub-captions (AR)
\c@subfigure=\count290
\c@subtable=\count291
)
(/nix/store/l1iz05g9hz5h2nhnd68a63acs5lxnn1n-texlive-combined-full-2018/share/t
exmf/tex/latex/pgfplots/pgfplots.sty
(/nix/store/l1iz05g9hz5h2nhnd68a63acs5lxnn1n-texlive-combined-full-2018/share/t
exmf/tex/generic/pgfplots/pgfplots.revision.tex)
Package: pgfplots 2018/03/28 v1.16 Data Visualization (1.16)

(/nix/store/l1iz05g9hz5h2nhnd68a63acs5lxnn1n-texlive-combined-full-2018/share/t
exmf/tex/latex/graphics/graphicx.sty
Package: graphicx 2017/06/01 v1.1a Enhanced LaTeX Graphics (DPC,SPQR)

(/nix/store/l1iz05g9hz5h2nhnd68a63acs5lxnn1n-texlive-combined-full-2018/share/t
exmf/tex/latex/graphics/graphics.sty
Package: graphics 2017/06/25 v1.2c Standard LaTeX Graphics (DPC,SPQR)

(/nix/store/l1iz05g9hz5h2nhnd68a63acs5lxnn1n-texlive-combined-full-2018/share/t
exmf/tex/latex/graphics/trig.sty
Package: trig 2016/01/03 v1.10 sin cos tan (DPC)
)
(/nix/store/l1iz05g9hz5h2nhnd68a63acs5lxnn1n-texlive-combined-full-2018/share/t
exmf/tex/latex/graphics-cfg/graphics.cfg
File: graphics.cfg 2016/06/04 v1.11 sample graphics configuration
)
Package graphics Info: Driver file: pdftex.def on input line 99.

(/nix/store/l1iz05g9hz5h2nhnd68a63acs5lxnn1n-texlive-combined-full-2018/share/t
exmf/tex/latex/graphics-def/pdftex.def
File: pdftex.def 2018/01/08 v1.0l Graphics/color driver for pdftex
))
\Gin@req@height=\dimen184
\Gin@req@width=\dimen185
)
(/nix/store/l1iz05g9hz5h2nhnd68a63acs5lxnn1n-texlive-combined-full-2018/share/t
exmf/tex/latex/pgf/frontendlayer/tikz.sty
(/nix/store/l1iz05g9hz5h2nhnd68a63acs5lxnn1n-texlive-combined-full-2018/share/t
exmf/tex/latex/pgf/basiclayer/pgf.sty
(/nix/store/l1iz05g9hz5h2nhnd68a63acs5lxnn1n-texlive-combined-full-2018/share/t
exmf/tex/latex/pgf/utilities/pgfrcs.sty
(/nix/store/l1iz05g9hz5h2nhnd68a63acs5lxnn1n-texlive-combined-full-2018/share/t
exmf/tex/generic/pgf/utilities/pgfutil-common.tex
\pgfutil@everybye=\toks33
\pgfutil@tempdima=\dimen186
\pgfutil@tempdimb=\dimen187

(/nix/store/l1iz05g9hz5h2nhnd68a63acs5lxnn1n-texlive-combined-full-2018/share/t
exmf/tex/generic/pgf/utilities/pgfutil-common-lists.tex))
(/nix/store/l1iz05g9hz5h2nhnd68a63acs5lxnn1n-texlive-combined-full-2018/share/t
exmf/tex/generic/pgf/utilities/pgfutil-latex.def
\pgfutil@abb=\box56

(/nix/store/l1iz05g9hz5h2nhnd68a63acs5lxnn1n-texlive-combined-full-2018/share/t
exmf/tex/latex/ms/everyshi.sty
Package: everyshi 2001/05/15 v3.00 EveryShipout Package (MS)
))
(/nix/store/l1iz05g9hz5h2nhnd68a63acs5lxnn1n-texlive-combined-full-2018/share/t
exmf/tex/generic/pgf/utilities/pgfrcs.code.tex
(/nix/store/l1iz05g9hz5h2nhnd68a63acs5lxnn1n-texlive-combined-full-2018/share/t
exmf/tex/generic/pgf/pgf.revision.tex)
Package: pgfrcs 2019/02/02 v3.1.1 (3.1.1)
))
Package: pgf 2019/02/02 v3.1.1 (3.1.1)

(/nix/store/l1iz05g9hz5h2nhnd68a63acs5lxnn1n-texlive-combined-full-2018/share/t
exmf/tex/latex/pgf/basiclayer/pgfcore.sty
(/nix/store/l1iz05g9hz5h2nhnd68a63acs5lxnn1n-texlive-combined-full-2018/share/t
exmf/tex/latex/pgf/systemlayer/pgfsys.sty
(/nix/store/l1iz05g9hz5h2nhnd68a63acs5lxnn1n-texlive-combined-full-2018/share/t
exmf/tex/generic/pgf/systemlayer/pgfsys.code.tex
Package: pgfsys 2019/02/02 v3.1.1 (3.1.1)

(/nix/store/l1iz05g9hz5h2nhnd68a63acs5lxnn1n-texlive-combined-full-2018/share/t
exmf/tex/generic/pgf/utilities/pgfkeys.code.tex
\pgfkeys@pathtoks=\toks34
\pgfkeys@temptoks=\toks35

(/nix/store/l1iz05g9hz5h2nhnd68a63acs5lxnn1n-texlive-combined-full-2018/share/t
exmf/tex/generic/pgf/utilities/pgfkeysfiltered.code.tex
\pgfkeys@tmptoks=\toks36
))
\pgf@x=\dimen188
\pgf@y=\dimen189
\pgf@xa=\dimen190
\pgf@ya=\dimen191
\pgf@xb=\dimen192
\pgf@yb=\dimen193
\pgf@xc=\dimen194
\pgf@yc=\dimen195
\w@pgf@writea=\write3
\r@pgf@reada=\read2
\c@pgf@counta=\count292
\c@pgf@countb=\count293
\c@pgf@countc=\count294
\c@pgf@countd=\count295
\t@pgf@toka=\toks37
\t@pgf@tokb=\toks38
\t@pgf@tokc=\toks39
\pgf@sys@id@count=\count296

(/nix/store/l1iz05g9hz5h2nhnd68a63acs5lxnn1n-texlive-combined-full-2018/share/t
exmf/tex/generic/pgf/systemlayer/pgf.cfg
File: pgf.cfg 2019/02/02 v3.1.1 (3.1.1)
)
Driver file for pgf: pgfsys-pdftex.def

(/nix/store/l1iz05g9hz5h2nhnd68a63acs5lxnn1n-texlive-combined-full-2018/share/t
exmf/tex/generic/pgf/systemlayer/pgfsys-pdftex.def
File: pgfsys-pdftex.def 2019/02/02 v3.1.1 (3.1.1)

(/nix/store/l1iz05g9hz5h2nhnd68a63acs5lxnn1n-texlive-combined-full-2018/share/t
exmf/tex/generic/pgf/systemlayer/pgfsys-common-pdf.def
File: pgfsys-common-pdf.def 2019/02/02 v3.1.1 (3.1.1)
)))
(/nix/store/l1iz05g9hz5h2nhnd68a63acs5lxnn1n-texlive-combined-full-2018/share/t
exmf/tex/generic/pgf/systemlayer/pgfsyssoftpath.code.tex
File: pgfsyssoftpath.code.tex 2019/02/02 v3.1.1 (3.1.1)
\pgfsyssoftpath@smallbuffer@items=\count297
\pgfsyssoftpath@bigbuffer@items=\count298
)
(/nix/store/l1iz05g9hz5h2nhnd68a63acs5lxnn1n-texlive-combined-full-2018/share/t
exmf/tex/generic/pgf/systemlayer/pgfsysprotocol.code.tex
File: pgfsysprotocol.code.tex 2019/02/02 v3.1.1 (3.1.1)
))
(/nix/store/l1iz05g9hz5h2nhnd68a63acs5lxnn1n-texlive-combined-full-2018/share/t
exmf/tex/latex/xcolor/xcolor.sty
Package: xcolor 2016/05/11 v2.12 LaTeX color extensions (UK)

(/nix/store/l1iz05g9hz5h2nhnd68a63acs5lxnn1n-texlive-combined-full-2018/share/t
exmf/tex/latex/graphics-cfg/color.cfg
File: color.cfg 2016/01/02 v1.6 sample color configuration
)
Package xcolor Info: Driver file: pdftex.def on input line 225.
Package xcolor Info: Model `cmy' substituted by `cmy0' on input line 1348.
Package xcolor Info: Model `hsb' substituted by `rgb' on input line 1352.
Package xcolor Info: Model `RGB' extended on input line 1364.
Package xcolor Info: Model `HTML' substituted by `rgb' on input line 1366.
Package xcolor Info: Model `Hsb' substituted by `hsb' on input line 1367.
Package xcolor Info: Model `tHsb' substituted by `hsb' on input line 1368.
Package xcolor Info: Model `HSB' substituted by `hsb' on input line 1369.
Package xcolor Info: Model `Gray' substituted by `gray' on input line 1370.
Package xcolor Info: Model `wave' substituted by `hsb' on input line 1371.
)
(/nix/store/l1iz05g9hz5h2nhnd68a63acs5lxnn1n-texlive-combined-full-2018/share/t
exmf/tex/generic/pgf/basiclayer/pgfcore.code.tex
Package: pgfcore 2019/02/02 v3.1.1 (3.1.1)

(/nix/store/l1iz05g9hz5h2nhnd68a63acs5lxnn1n-texlive-combined-full-2018/share/t
exmf/tex/generic/pgf/math/pgfmath.code.tex
(/nix/store/l1iz05g9hz5h2nhnd68a63acs5lxnn1n-texlive-combined-full-2018/share/t
exmf/tex/generic/pgf/math/pgfmathcalc.code.tex
(/nix/store/l1iz05g9hz5h2nhnd68a63acs5lxnn1n-texlive-combined-full-2018/share/t
exmf/tex/generic/pgf/math/pgfmathutil.code.tex)
(/nix/store/l1iz05g9hz5h2nhnd68a63acs5lxnn1n-texlive-combined-full-2018/share/t
exmf/tex/generic/pgf/math/pgfmathparser.code.tex
\pgfmath@dimen=\dimen196
\pgfmath@count=\count299
\pgfmath@box=\box57
\pgfmath@toks=\toks40
\pgfmath@stack@operand=\toks41
\pgfmath@stack@operation=\toks42
)
(/nix/store/l1iz05g9hz5h2nhnd68a63acs5lxnn1n-texlive-combined-full-2018/share/t
exmf/tex/generic/pgf/math/pgfmathfunctions.code.tex
(/nix/store/l1iz05g9hz5h2nhnd68a63acs5lxnn1n-texlive-combined-full-2018/share/t
exmf/tex/generic/pgf/math/pgfmathfunctions.basic.code.tex)
(/nix/store/l1iz05g9hz5h2nhnd68a63acs5lxnn1n-texlive-combined-full-2018/share/t
exmf/tex/generic/pgf/math/pgfmathfunctions.trigonometric.code.tex)
(/nix/store/l1iz05g9hz5h2nhnd68a63acs5lxnn1n-texlive-combined-full-2018/share/t
exmf/tex/generic/pgf/math/pgfmathfunctions.random.code.tex)
(/nix/store/l1iz05g9hz5h2nhnd68a63acs5lxnn1n-texlive-combined-full-2018/share/t
exmf/tex/generic/pgf/math/pgfmathfunctions.comparison.code.tex)
(/nix/store/l1iz05g9hz5h2nhnd68a63acs5lxnn1n-texlive-combined-full-2018/share/t
exmf/tex/generic/pgf/math/pgfmathfunctions.base.code.tex)
(/nix/store/l1iz05g9hz5h2nhnd68a63acs5lxnn1n-texlive-combined-full-2018/share/t
exmf/tex/generic/pgf/math/pgfmathfunctions.round.code.tex)
(/nix/store/l1iz05g9hz5h2nhnd68a63acs5lxnn1n-texlive-combined-full-2018/share/t
exmf/tex/generic/pgf/math/pgfmathfunctions.misc.code.tex)
(/nix/store/l1iz05g9hz5h2nhnd68a63acs5lxnn1n-texlive-combined-full-2018/share/t
exmf/tex/generic/pgf/math/pgfmathfunctions.integerarithmetics.code.tex)))
(/nix/store/l1iz05g9hz5h2nhnd68a63acs5lxnn1n-texlive-combined-full-2018/share/t
exmf/tex/generic/pgf/math/pgfmathfloat.code.tex
\c@pgfmathroundto@lastzeros=\count300
))
(/nix/store/l1iz05g9hz5h2nhnd68a63acs5lxnn1n-texlive-combined-full-2018/share/t
exmf/tex/generic/pgf/basiclayer/pgfcorepoints.code.tex
File: pgfcorepoints.code.tex 2019/02/02 v3.1.1 (3.1.1)
\pgf@picminx=\dimen197
\pgf@picmaxx=\dimen198
\pgf@picminy=\dimen199
\pgf@picmaxy=\dimen256
\pgf@pathminx=\dimen257
\pgf@pathmaxx=\dimen258
\pgf@pathminy=\dimen259
\pgf@pathmaxy=\dimen260
\pgf@xx=\dimen261
\pgf@xy=\dimen262
\pgf@yx=\dimen263
\pgf@yy=\dimen264
\pgf@zx=\dimen265
\pgf@zy=\dimen266
)
(/nix/store/l1iz05g9hz5h2nhnd68a63acs5lxnn1n-texlive-combined-full-2018/share/t
exmf/tex/generic/pgf/basiclayer/pgfcorepathconstruct.code.tex
File: pgfcorepathconstruct.code.tex 2019/02/02 v3.1.1 (3.1.1)
\pgf@path@lastx=\dimen267
\pgf@path@lasty=\dimen268
)
(/nix/store/l1iz05g9hz5h2nhnd68a63acs5lxnn1n-texlive-combined-full-2018/share/t
exmf/tex/generic/pgf/basiclayer/pgfcorepathusage.code.tex
File: pgfcorepathusage.code.tex 2019/02/02 v3.1.1 (3.1.1)
\pgf@shorten@end@additional=\dimen269
\pgf@shorten@start@additional=\dimen270
)
(/nix/store/l1iz05g9hz5h2nhnd68a63acs5lxnn1n-texlive-combined-full-2018/share/t
exmf/tex/generic/pgf/basiclayer/pgfcorescopes.code.tex
File: pgfcorescopes.code.tex 2019/02/02 v3.1.1 (3.1.1)
\pgfpic=\box58
\pgf@hbox=\box59
\pgf@layerbox@main=\box60
\pgf@picture@serial@count=\count301
)
(/nix/store/l1iz05g9hz5h2nhnd68a63acs5lxnn1n-texlive-combined-full-2018/share/t
exmf/tex/generic/pgf/basiclayer/pgfcoregraphicstate.code.tex
File: pgfcoregraphicstate.code.tex 2019/02/02 v3.1.1 (3.1.1)
\pgflinewidth=\dimen271
)
(/nix/store/l1iz05g9hz5h2nhnd68a63acs5lxnn1n-texlive-combined-full-2018/share/t
exmf/tex/generic/pgf/basiclayer/pgfcoretransformations.code.tex
File: pgfcoretransformations.code.tex 2019/02/02 v3.1.1 (3.1.1)
\pgf@pt@x=\dimen272
\pgf@pt@y=\dimen273
\pgf@pt@temp=\dimen274
)
(/nix/store/l1iz05g9hz5h2nhnd68a63acs5lxnn1n-texlive-combined-full-2018/share/t
exmf/tex/generic/pgf/basiclayer/pgfcorequick.code.tex
File: pgfcorequick.code.tex 2019/02/02 v3.1.1 (3.1.1)
)
(/nix/store/l1iz05g9hz5h2nhnd68a63acs5lxnn1n-texlive-combined-full-2018/share/t
exmf/tex/generic/pgf/basiclayer/pgfcoreobjects.code.tex
File: pgfcoreobjects.code.tex 2019/02/02 v3.1.1 (3.1.1)
)
(/nix/store/l1iz05g9hz5h2nhnd68a63acs5lxnn1n-texlive-combined-full-2018/share/t
exmf/tex/generic/pgf/basiclayer/pgfcorepathprocessing.code.tex
File: pgfcorepathprocessing.code.tex 2019/02/02 v3.1.1 (3.1.1)
)
(/nix/store/l1iz05g9hz5h2nhnd68a63acs5lxnn1n-texlive-combined-full-2018/share/t
exmf/tex/generic/pgf/basiclayer/pgfcorearrows.code.tex
File: pgfcorearrows.code.tex 2019/02/02 v3.1.1 (3.1.1)
\pgfarrowsep=\dimen275
)
(/nix/store/l1iz05g9hz5h2nhnd68a63acs5lxnn1n-texlive-combined-full-2018/share/t
exmf/tex/generic/pgf/basiclayer/pgfcoreshade.code.tex
File: pgfcoreshade.code.tex 2019/02/02 v3.1.1 (3.1.1)
\pgf@max=\dimen276
\pgf@sys@shading@range@num=\count302
)
(/nix/store/l1iz05g9hz5h2nhnd68a63acs5lxnn1n-texlive-combined-full-2018/share/t
exmf/tex/generic/pgf/basiclayer/pgfcoreimage.code.tex
File: pgfcoreimage.code.tex 2019/02/02 v3.1.1 (3.1.1)

(/nix/store/l1iz05g9hz5h2nhnd68a63acs5lxnn1n-texlive-combined-full-2018/share/t
exmf/tex/generic/pgf/basiclayer/pgfcoreexternal.code.tex
File: pgfcoreexternal.code.tex 2019/02/02 v3.1.1 (3.1.1)
\pgfexternal@startupbox=\box61
))
(/nix/store/l1iz05g9hz5h2nhnd68a63acs5lxnn1n-texlive-combined-full-2018/share/t
exmf/tex/generic/pgf/basiclayer/pgfcorelayers.code.tex
File: pgfcorelayers.code.tex 2019/02/02 v3.1.1 (3.1.1)
)
(/nix/store/l1iz05g9hz5h2nhnd68a63acs5lxnn1n-texlive-combined-full-2018/share/t
exmf/tex/generic/pgf/basiclayer/pgfcoretransparency.code.tex
File: pgfcoretransparency.code.tex 2019/02/02 v3.1.1 (3.1.1)
)
(/nix/store/l1iz05g9hz5h2nhnd68a63acs5lxnn1n-texlive-combined-full-2018/share/t
exmf/tex/generic/pgf/basiclayer/pgfcorepatterns.code.tex
File: pgfcorepatterns.code.tex 2019/02/02 v3.1.1 (3.1.1)
)
(/nix/store/l1iz05g9hz5h2nhnd68a63acs5lxnn1n-texlive-combined-full-2018/share/t
exmf/tex/generic/pgf/basiclayer/pgfcorerdf.code.tex
File: pgfcorerdf.code.tex 2019/02/02 v3.1.1 (3.1.1)
)))
(/nix/store/l1iz05g9hz5h2nhnd68a63acs5lxnn1n-texlive-combined-full-2018/share/t
exmf/tex/generic/pgf/modules/pgfmoduleshapes.code.tex
File: pgfmoduleshapes.code.tex 2019/02/02 v3.1.1 (3.1.1)
\pgfnodeparttextbox=\box62
)
(/nix/store/l1iz05g9hz5h2nhnd68a63acs5lxnn1n-texlive-combined-full-2018/share/t
exmf/tex/generic/pgf/modules/pgfmoduleplot.code.tex
File: pgfmoduleplot.code.tex 2019/02/02 v3.1.1 (3.1.1)
)
(/nix/store/l1iz05g9hz5h2nhnd68a63acs5lxnn1n-texlive-combined-full-2018/share/t
exmf/tex/latex/pgf/compatibility/pgfcomp-version-0-65.sty
Package: pgfcomp-version-0-65 2019/02/02 v3.1.1 (3.1.1)
\pgf@nodesepstart=\dimen277
\pgf@nodesepend=\dimen278
)
(/nix/store/l1iz05g9hz5h2nhnd68a63acs5lxnn1n-texlive-combined-full-2018/share/t
exmf/tex/latex/pgf/compatibility/pgfcomp-version-1-18.sty
Package: pgfcomp-version-1-18 2019/02/02 v3.1.1 (3.1.1)
))
(/nix/store/l1iz05g9hz5h2nhnd68a63acs5lxnn1n-texlive-combined-full-2018/share/t
exmf/tex/latex/pgf/utilities/pgffor.sty
(/nix/store/l1iz05g9hz5h2nhnd68a63acs5lxnn1n-texlive-combined-full-2018/share/t
exmf/tex/latex/pgf/utilities/pgfkeys.sty
(/nix/store/l1iz05g9hz5h2nhnd68a63acs5lxnn1n-texlive-combined-full-2018/share/t
exmf/tex/generic/pgf/utilities/pgfkeys.code.tex))
(/nix/store/l1iz05g9hz5h2nhnd68a63acs5lxnn1n-texlive-combined-full-2018/share/t
exmf/tex/latex/pgf/math/pgfmath.sty
(/nix/store/l1iz05g9hz5h2nhnd68a63acs5lxnn1n-texlive-combined-full-2018/share/t
exmf/tex/generic/pgf/math/pgfmath.code.tex))
(/nix/store/l1iz05g9hz5h2nhnd68a63acs5lxnn1n-texlive-combined-full-2018/share/t
exmf/tex/generic/pgf/utilities/pgffor.code.tex
Package: pgffor 2019/02/02 v3.1.1 (3.1.1)

(/nix/store/l1iz05g9hz5h2nhnd68a63acs5lxnn1n-texlive-combined-full-2018/share/t
exmf/tex/generic/pgf/math/pgfmath.code.tex)
\pgffor@iter=\dimen279
\pgffor@skip=\dimen280
\pgffor@stack=\toks43
\pgffor@toks=\toks44
))
(/nix/store/l1iz05g9hz5h2nhnd68a63acs5lxnn1n-texlive-combined-full-2018/share/t
exmf/tex/generic/pgf/frontendlayer/tikz/tikz.code.tex
Package: tikz 2019/02/02 v3.1.1 (3.1.1)

(/nix/store/l1iz05g9hz5h2nhnd68a63acs5lxnn1n-texlive-combined-full-2018/share/t
exmf/tex/generic/pgf/libraries/pgflibraryplothandlers.code.tex
File: pgflibraryplothandlers.code.tex 2019/02/02 v3.1.1 (3.1.1)
\pgf@plot@mark@count=\count303
\pgfplotmarksize=\dimen281
)
\tikz@lastx=\dimen282
\tikz@lasty=\dimen283
\tikz@lastxsaved=\dimen284
\tikz@lastysaved=\dimen285
\tikzleveldistance=\dimen286
\tikzsiblingdistance=\dimen287
\tikz@figbox=\box63
\tikz@figbox@bg=\box64
\tikz@tempbox=\box65
\tikz@tempbox@bg=\box66
\tikztreelevel=\count304
\tikznumberofchildren=\count305
\tikznumberofcurrentchild=\count306
\tikz@fig@count=\count307

(/nix/store/l1iz05g9hz5h2nhnd68a63acs5lxnn1n-texlive-combined-full-2018/share/t
exmf/tex/generic/pgf/modules/pgfmodulematrix.code.tex
File: pgfmodulematrix.code.tex 2019/02/02 v3.1.1 (3.1.1)
\pgfmatrixcurrentrow=\count308
\pgfmatrixcurrentcolumn=\count309
\pgf@matrix@numberofcolumns=\count310
)
\tikz@expandcount=\count311

(/nix/store/l1iz05g9hz5h2nhnd68a63acs5lxnn1n-texlive-combined-full-2018/share/t
exmf/tex/generic/pgf/frontendlayer/tikz/libraries/tikzlibrarytopaths.code.tex
File: tikzlibrarytopaths.code.tex 2019/02/02 v3.1.1 (3.1.1)
)))
(/nix/store/l1iz05g9hz5h2nhnd68a63acs5lxnn1n-texlive-combined-full-2018/share/t
exmf/tex/generic/pgfplots/pgfplots.code.tex
(/nix/store/l1iz05g9hz5h2nhnd68a63acs5lxnn1n-texlive-combined-full-2018/share/t
exmf/tex/generic/pgfplots/pgfplotscore.code.tex
\t@pgfplots@toka=\toks45
\t@pgfplots@tokb=\toks46
\t@pgfplots@tokc=\toks47
\pgfplots@tmpa=\dimen288
\c@pgfplots@coordindex=\count312
\c@pgfplots@scanlineindex=\count313

(/nix/store/l1iz05g9hz5h2nhnd68a63acs5lxnn1n-texlive-combined-full-2018/share/t
exmf/tex/generic/pgfplots/sys/pgfplotssysgeneric.code.tex))
(/nix/store/l1iz05g9hz5h2nhnd68a63acs5lxnn1n-texlive-combined-full-2018/share/t
exmf/tex/generic/pgfplots/libs/pgfplotslibrary.code.tex)
(/nix/store/l1iz05g9hz5h2nhnd68a63acs5lxnn1n-texlive-combined-full-2018/share/t
exmf/tex/generic/pgfplots/oldpgfcompatib/pgfplotsoldpgfsupp_loader.code.tex
(/nix/store/l1iz05g9hz5h2nhnd68a63acs5lxnn1n-texlive-combined-full-2018/share/t
exmf/tex/generic/pgf/libraries/pgflibraryfpu.code.tex)
Package pgfplots: loading complementary arithmetics for your pgf version...

(/nix/store/l1iz05g9hz5h2nhnd68a63acs5lxnn1n-texlive-combined-full-2018/share/t
exmf/tex/generic/pgfplots/oldpgfcompatib/pgfplotsoldpgfsupp_pgflibraryfpu.code.
tex)
(/nix/store/l1iz05g9hz5h2nhnd68a63acs5lxnn1n-texlive-combined-full-2018/share/t
exmf/tex/generic/pgfplots/oldpgfcompatib/pgfplotsoldpgfsupp_pgfmathfloat.code.t
ex
\c@pgfmathroundto@lastzeros=\count314
))
(/nix/store/l1iz05g9hz5h2nhnd68a63acs5lxnn1n-texlive-combined-full-2018/share/t
exmf/tex/generic/pgfplots/util/pgfplotsutil.code.tex
(/nix/store/l1iz05g9hz5h2nhnd68a63acs5lxnn1n-texlive-combined-full-2018/share/t
exmf/tex/generic/pgfplots/liststructure/pgfplotsliststructure.code.tex)
(/nix/store/l1iz05g9hz5h2nhnd68a63acs5lxnn1n-texlive-combined-full-2018/share/t
exmf/tex/generic/pgfplots/liststructure/pgfplotsliststructureext.code.tex)
(/nix/store/l1iz05g9hz5h2nhnd68a63acs5lxnn1n-texlive-combined-full-2018/share/t
exmf/tex/generic/pgfplots/liststructure/pgfplotsarray.code.tex
\c@pgfplotsarray@tmp=\count315
)
(/nix/store/l1iz05g9hz5h2nhnd68a63acs5lxnn1n-texlive-combined-full-2018/share/t
exmf/tex/generic/pgfplots/liststructure/pgfplotsmatrix.code.tex)
(/nix/store/l1iz05g9hz5h2nhnd68a63acs5lxnn1n-texlive-combined-full-2018/share/t
exmf/tex/generic/pgfplots/numtable/pgfplotstableshared.code.tex
\c@pgfplotstable@counta=\count316
\t@pgfplotstable@a=\toks48
)
(/nix/store/l1iz05g9hz5h2nhnd68a63acs5lxnn1n-texlive-combined-full-2018/share/t
exmf/tex/generic/pgfplots/liststructure/pgfplotsdeque.code.tex)
(/nix/store/l1iz05g9hz5h2nhnd68a63acs5lxnn1n-texlive-combined-full-2018/share/t
exmf/tex/generic/pgfplots/util/pgfplotsbinary.code.tex
(/nix/store/l1iz05g9hz5h2nhnd68a63acs5lxnn1n-texlive-combined-full-2018/share/t
exmf/tex/generic/pgfplots/util/pgfplotsbinary.data.code.tex))
(/nix/store/l1iz05g9hz5h2nhnd68a63acs5lxnn1n-texlive-combined-full-2018/share/t
exmf/tex/generic/pgfplots/util/pgfplotsutil.verb.code.tex)
(/nix/store/l1iz05g9hz5h2nhnd68a63acs5lxnn1n-texlive-combined-full-2018/share/t
exmf/tex/generic/pgfplots/libs/pgflibrarypgfplots.surfshading.code.tex
\c@pgfplotslibrarysurf@no=\count317

(/nix/store/l1iz05g9hz5h2nhnd68a63acs5lxnn1n-texlive-combined-full-2018/share/t
exmf/tex/generic/pgfplots/sys/pgflibrarypgfplots.surfshading.pgfsys-pdftex.def)
))
(/nix/store/l1iz05g9hz5h2nhnd68a63acs5lxnn1n-texlive-combined-full-2018/share/t
exmf/tex/generic/pgfplots/util/pgfplotscolormap.code.tex
(/nix/store/l1iz05g9hz5h2nhnd68a63acs5lxnn1n-texlive-combined-full-2018/share/t
exmf/tex/generic/pgfplots/util/pgfplotscolor.code.tex))
(/nix/store/l1iz05g9hz5h2nhnd68a63acs5lxnn1n-texlive-combined-full-2018/share/t
exmf/tex/generic/pgfplots/pgfplotsstackedplots.code.tex)
(/nix/store/l1iz05g9hz5h2nhnd68a63acs5lxnn1n-texlive-combined-full-2018/share/t
exmf/tex/generic/pgfplots/pgfplotsplothandlers.code.tex
(/nix/store/l1iz05g9hz5h2nhnd68a63acs5lxnn1n-texlive-combined-full-2018/share/t
exmf/tex/generic/pgfplots/pgfplotsmeshplothandler.code.tex
(/nix/store/l1iz05g9hz5h2nhnd68a63acs5lxnn1n-texlive-combined-full-2018/share/t
exmf/tex/generic/pgfplots/pgfplotsmeshplotimage.code.tex)))
(/nix/store/l1iz05g9hz5h2nhnd68a63acs5lxnn1n-texlive-combined-full-2018/share/t
exmf/tex/generic/pgfplots/pgfplots.scaling.code.tex)
(/nix/store/l1iz05g9hz5h2nhnd68a63acs5lxnn1n-texlive-combined-full-2018/share/t
exmf/tex/generic/pgfplots/pgfplotscoordprocessing.code.tex)
(/nix/store/l1iz05g9hz5h2nhnd68a63acs5lxnn1n-texlive-combined-full-2018/share/t
exmf/tex/generic/pgfplots/pgfplots.errorbars.code.tex)
(/nix/store/l1iz05g9hz5h2nhnd68a63acs5lxnn1n-texlive-combined-full-2018/share/t
exmf/tex/generic/pgfplots/pgfplots.markers.code.tex)
(/nix/store/l1iz05g9hz5h2nhnd68a63acs5lxnn1n-texlive-combined-full-2018/share/t
exmf/tex/generic/pgfplots/pgfplotsticks.code.tex)
(/nix/store/l1iz05g9hz5h2nhnd68a63acs5lxnn1n-texlive-combined-full-2018/share/t
exmf/tex/generic/pgfplots/pgfplots.paths.code.tex)
(/nix/store/l1iz05g9hz5h2nhnd68a63acs5lxnn1n-texlive-combined-full-2018/share/t
exmf/tex/generic/pgf/frontendlayer/tikz/libraries/tikzlibrarydecorations.code.t
ex
(/nix/store/l1iz05g9hz5h2nhnd68a63acs5lxnn1n-texlive-combined-full-2018/share/t
exmf/tex/generic/pgf/modules/pgfmoduledecorations.code.tex
\pgfdecoratedcompleteddistance=\dimen289
\pgfdecoratedremainingdistance=\dimen290
\pgfdecoratedinputsegmentcompleteddistance=\dimen291
\pgfdecoratedinputsegmentremainingdistance=\dimen292
\pgf@decorate@distancetomove=\dimen293
\pgf@decorate@repeatstate=\count318
\pgfdecorationsegmentamplitude=\dimen294
\pgfdecorationsegmentlength=\dimen295
)
\tikz@lib@dec@box=\box67
)
(/nix/store/l1iz05g9hz5h2nhnd68a63acs5lxnn1n-texlive-combined-full-2018/share/t
exmf/tex/generic/pgf/frontendlayer/tikz/libraries/tikzlibrarydecorations.pathmo
rphing.code.tex
(/nix/store/l1iz05g9hz5h2nhnd68a63acs5lxnn1n-texlive-combined-full-2018/share/t
exmf/tex/generic/pgf/libraries/decorations/pgflibrarydecorations.pathmorphing.c
ode.tex))
(/nix/store/l1iz05g9hz5h2nhnd68a63acs5lxnn1n-texlive-combined-full-2018/share/t
exmf/tex/generic/pgf/frontendlayer/tikz/libraries/tikzlibrarydecorations.pathre
placing.code.tex
(/nix/store/l1iz05g9hz5h2nhnd68a63acs5lxnn1n-texlive-combined-full-2018/share/t
exmf/tex/generic/pgf/libraries/decorations/pgflibrarydecorations.pathreplacing.
code.tex))
\pgfplots@numplots=\count319
\pgfplots@xmin@reg=\dimen296
\pgfplots@xmax@reg=\dimen297
\pgfplots@ymin@reg=\dimen298
\pgfplots@ymax@reg=\dimen299
\pgfplots@zmin@reg=\dimen300
\pgfplots@zmax@reg=\dimen301
)
(/nix/store/l1iz05g9hz5h2nhnd68a63acs5lxnn1n-texlive-combined-full-2018/share/t
exmf/tex/generic/pgf/frontendlayer/tikz/libraries/tikzlibraryplotmarks.code.tex
File: tikzlibraryplotmarks.code.tex 2019/02/02 v3.1.1 (3.1.1)

(/nix/store/l1iz05g9hz5h2nhnd68a63acs5lxnn1n-texlive-combined-full-2018/share/t
exmf/tex/generic/pgf/libraries/pgflibraryplotmarks.code.tex
File: pgflibraryplotmarks.code.tex 2019/02/02 v3.1.1 (3.1.1)
)))
(/nix/store/l1iz05g9hz5h2nhnd68a63acs5lxnn1n-texlive-combined-full-2018/share/t
exmf/tex/generic/pgfplots/libs/tikzlibrarypgfplots.fillbetween.code.tex
(/nix/store/l1iz05g9hz5h2nhnd68a63acs5lxnn1n-texlive-combined-full-2018/share/t
exmf/tex/generic/pgfplots/pgfcontrib/tikzlibraryfillbetween.code.tex
(/nix/store/l1iz05g9hz5h2nhnd68a63acs5lxnn1n-texlive-combined-full-2018/share/t
exmf/tex/generic/pgf/frontendlayer/tikz/libraries/tikzlibraryintersections.code
.tex
(/nix/store/l1iz05g9hz5h2nhnd68a63acs5lxnn1n-texlive-combined-full-2018/share/t
exmf/tex/generic/pgf/libraries/pgflibraryintersections.code.tex
\pgf@intersect@solutions=\count320
))
(/nix/store/l1iz05g9hz5h2nhnd68a63acs5lxnn1n-texlive-combined-full-2018/share/t
exmf/tex/generic/pgfplots/pgfcontrib/tikzlibrarydecorations.softclip.code.tex
(/nix/store/l1iz05g9hz5h2nhnd68a63acs5lxnn1n-texlive-combined-full-2018/share/t
exmf/tex/generic/pgfplots/pgfcontrib/pgflibraryfillbetween.code.tex
(/nix/store/l1iz05g9hz5h2nhnd68a63acs5lxnn1n-texlive-combined-full-2018/share/t
exmf/tex/generic/pgfplots/oldpgfcompatib/pgfplotsoldpgfsupp_pgflibraryintersect
ions.code.tex
\pgf@intersect@solutions=\count321
))))
(/nix/store/l1iz05g9hz5h2nhnd68a63acs5lxnn1n-texlive-combined-full-2018/share/t
exmf/tex/generic/pgfplots/libs/tikzlibrarypgfplots.decorations.softclip.code.te
x))
(/nix/store/l1iz05g9hz5h2nhnd68a63acs5lxnn1n-texlive-combined-full-2018/share/t
exmf/tex/latex/titling/titling.sty
Package: titling 2009/09/04 v2.1d maketitle typesetting
\thanksmarkwidth=\skip63
\thanksmargin=\skip64
\droptitle=\skip65
)
(/nix/store/l1iz05g9hz5h2nhnd68a63acs5lxnn1n-texlive-combined-full-2018/share/t
exmf/tex/latex/booktabs/booktabs.sty
Package: booktabs 2016/04/27 v1.618033 publication quality tables
\heavyrulewidth=\dimen302
\lightrulewidth=\dimen303
\cmidrulewidth=\dimen304
\belowrulesep=\dimen305
\belowbottomsep=\dimen306
\aboverulesep=\dimen307
\abovetopsep=\dimen308
\cmidrulesep=\dimen309
\cmidrulekern=\dimen310
\defaultaddspace=\dimen311
\@cmidla=\count322
\@cmidlb=\count323
\@aboverulesep=\dimen312
\@belowrulesep=\dimen313
\@thisruleclass=\count324
\@lastruleclass=\count325
\@thisrulewidth=\dimen314
)
(/nix/store/l1iz05g9hz5h2nhnd68a63acs5lxnn1n-texlive-combined-full-2018/share/t
exmf/tex/latex/fancyhdr/fancyhdr.sty
Package: fancyhdr 2019/01/31 v3.10 Extensive control of page headers and footer
s
\f@nch@headwidth=\skip66
\f@nch@O@elh=\skip67
\f@nch@O@erh=\skip68
\f@nch@O@olh=\skip69
\f@nch@O@orh=\skip70
\f@nch@O@elf=\skip71
\f@nch@O@erf=\skip72
\f@nch@O@olf=\skip73
\f@nch@O@orf=\skip74
)
(/nix/store/l1iz05g9hz5h2nhnd68a63acs5lxnn1n-texlive-combined-full-2018/share/t
exmf/tex/latex/hyperref/hyperref.sty
Package: hyperref 2018/11/30 v6.88e Hypertext links for LaTeX

(/nix/store/l1iz05g9hz5h2nhnd68a63acs5lxnn1n-texlive-combined-full-2018/share/t
exmf/tex/generic/oberdiek/hobsub-hyperref.sty
Package: hobsub-hyperref 2016/05/16 v1.14 Bundle oberdiek, subset hyperref (HO)


(/nix/store/l1iz05g9hz5h2nhnd68a63acs5lxnn1n-texlive-combined-full-2018/share/t
exmf/tex/generic/oberdiek/hobsub-generic.sty
Package: hobsub-generic 2016/05/16 v1.14 Bundle oberdiek, subset generic (HO)
Package: hobsub 2016/05/16 v1.14 Construct package bundles (HO)
Package: infwarerr 2016/05/16 v1.4 Providing info/warning/error messages (HO)
Package: ltxcmds 2016/05/16 v1.23 LaTeX kernel commands for general use (HO)
Package: ifluatex 2016/05/16 v1.4 Provides the ifluatex switch (HO)
Package ifluatex Info: LuaTeX not detected.
Package hobsub Info: Skipping package `ifvtex' (already loaded).
Package: intcalc 2016/05/16 v1.2 Expandable calculations with integers (HO)
Package hobsub Info: Skipping package `ifpdf' (already loaded).
Package: etexcmds 2016/05/16 v1.6 Avoid name clashes with e-TeX commands (HO)
Package etexcmds Info: Could not find \expanded.
(etexcmds)             That can mean that you are not using pdfTeX 1.50 or
(etexcmds)             that some package has redefined \expanded.
(etexcmds)             In the latter case, load this package earlier.
Package: kvsetkeys 2016/05/16 v1.17 Key value parser (HO)
Package: kvdefinekeys 2016/05/16 v1.4 Define keys (HO)
Package: pdftexcmds 2018/09/10 v0.29 Utility functions of pdfTeX for LuaTeX (HO
)
Package pdftexcmds Info: LuaTeX not detected.
Package pdftexcmds Info: \pdf@primitive is available.
Package pdftexcmds Info: \pdf@ifprimitive is available.
Package pdftexcmds Info: \pdfdraftmode found.
Package: pdfescape 2016/05/16 v1.14 Implements pdfTeX's escape features (HO)
Package: bigintcalc 2016/05/16 v1.4 Expandable calculations on big integers (HO
)
Package: bitset 2016/05/16 v1.2 Handle bit-vector datatype (HO)
Package: uniquecounter 2016/05/16 v1.3 Provide unlimited unique counter (HO)
)
Package hobsub Info: Skipping package `hobsub' (already loaded).
Package: letltxmacro 2016/05/16 v1.5 Let assignment for LaTeX macros (HO)
Package: hopatch 2016/05/16 v1.3 Wrapper for package hooks (HO)
Package: xcolor-patch 2016/05/16 xcolor patch
Package: atveryend 2016/05/16 v1.9 Hooks at the very end of document (HO)
Package: atbegshi 2016/06/09 v1.18 At begin shipout hook (HO)
Package: refcount 2016/05/16 v3.5 Data extraction from label references (HO)
Package: hycolor 2016/05/16 v1.8 Color options for hyperref/bookmark (HO)
)
(/nix/store/l1iz05g9hz5h2nhnd68a63acs5lxnn1n-texlive-combined-full-2018/share/t
exmf/tex/latex/oberdiek/auxhook.sty
Package: auxhook 2016/05/16 v1.4 Hooks for auxiliary files (HO)
)
(/nix/store/l1iz05g9hz5h2nhnd68a63acs5lxnn1n-texlive-combined-full-2018/share/t
exmf/tex/latex/oberdiek/kvoptions.sty
Package: kvoptions 2016/05/16 v3.12 Key value format for package options (HO)
)
\@linkdim=\dimen315
\Hy@linkcounter=\count326
\Hy@pagecounter=\count327

(/nix/store/l1iz05g9hz5h2nhnd68a63acs5lxnn1n-texlive-combined-full-2018/share/t
exmf/tex/latex/hyperref/pd1enc.def
File: pd1enc.def 2018/11/30 v6.88e Hyperref: PDFDocEncoding definition (HO)
)
\Hy@SavedSpaceFactor=\count328

(/nix/store/l1iz05g9hz5h2nhnd68a63acs5lxnn1n-texlive-combined-full-2018/share/t
exmf/tex/latex/latexconfig/hyperref.cfg
File: hyperref.cfg 2002/06/06 v1.2 hyperref configuration of TeXLive
)
Package hyperref Info: Hyper figures OFF on input line 4519.
Package hyperref Info: Link nesting OFF on input line 4524.
Package hyperref Info: Hyper index ON on input line 4527.
Package hyperref Info: Plain pages OFF on input line 4534.
Package hyperref Info: Backreferencing OFF on input line 4539.
Package hyperref Info: Implicit mode ON; LaTeX internals redefined.
Package hyperref Info: Bookmarks ON on input line 4772.
\c@Hy@tempcnt=\count329

(/nix/store/l1iz05g9hz5h2nhnd68a63acs5lxnn1n-texlive-combined-full-2018/share/t
exmf/tex/latex/url/url.sty
\Urlmuskip=\muskip17
Package: url 2013/09/16  ver 3.4  Verb mode for urls, etc.
)
LaTeX Info: Redefining \url on input line 5125.
\XeTeXLinkMargin=\dimen316
\Fld@menulength=\count330
\Field@Width=\dimen317
\Fld@charsize=\dimen318
Package hyperref Info: Hyper figures OFF on input line 6380.
Package hyperref Info: Link nesting OFF on input line 6385.
Package hyperref Info: Hyper index ON on input line 6388.
Package hyperref Info: backreferencing OFF on input line 6395.
Package hyperref Info: Link coloring OFF on input line 6400.
Package hyperref Info: Link coloring with OCG OFF on input line 6405.
Package hyperref Info: PDF/A mode OFF on input line 6410.
LaTeX Info: Redefining \ref on input line 6450.
LaTeX Info: Redefining \pageref on input line 6454.
\Hy@abspage=\count331
\c@Item=\count332
\c@Hfootnote=\count333
)
Package hyperref Info: Driver (autodetected): hpdftex.

(/nix/store/l1iz05g9hz5h2nhnd68a63acs5lxnn1n-texlive-combined-full-2018/share/t
exmf/tex/latex/hyperref/hpdftex.def
File: hpdftex.def 2018/11/30 v6.88e Hyperref driver for pdfTeX
\Fld@listcount=\count334
\c@bookmark@seq@number=\count335

(/nix/store/l1iz05g9hz5h2nhnd68a63acs5lxnn1n-texlive-combined-full-2018/share/t
exmf/tex/latex/oberdiek/rerunfilecheck.sty
Package: rerunfilecheck 2016/05/16 v1.8 Rerun checks for auxiliary files (HO)
Package uniquecounter Info: New unique counter `rerunfilecheck' on input line 2
82.
)
\Hy@SectionHShift=\skip75
)
Package hyperref Info: Option `linktocpage' set `true' on input line 55.
Package hyperref Info: Option `colorlinks' set `true' on input line 55.
Package hyperref Info: Option `final' set `true' on input line 55.

(/nix/store/l1iz05g9hz5h2nhnd68a63acs5lxnn1n-texlive-combined-full-2018/share/t
exmf/tex/latex/todo/todo.sty
Package: todo 2010/03/31 v2.4142 To-do list (Federico Garcia)
\@todotoks=\toks49
\c@todo=\count336
)
(/nix/store/l1iz05g9hz5h2nhnd68a63acs5lxnn1n-texlive-combined-full-2018/share/t
exmf/tex/latex/framed/framed.sty
Package: framed 2011/10/22 v 0.96: framed or shaded text with page breaks
\OuterFrameSep=\skip76
\fb@frw=\dimen319
\fb@frh=\dimen320
\FrameRule=\dimen321
\FrameSep=\dimen322
)
(/nix/store/l1iz05g9hz5h2nhnd68a63acs5lxnn1n-texlive-combined-full-2018/share/t
exmf/tex/latex/enumitem/enumitem.sty
Package: enumitem 2019/02/04 v3.8 Customized lists
\labelindent=\skip77
\enit@outerparindent=\dimen323
\enit@toks=\toks50
\enit@inbox=\box68
\enit@count@id=\count337
\enitdp@description=\count338
)
(/nix/store/l1iz05g9hz5h2nhnd68a63acs5lxnn1n-texlive-combined-full-2018/share/t
exmf/tex/latex/tools/verbatim.sty
Package: verbatim 2014/10/28 v1.5q LaTeX2e package for verbatim enhancements
\every@verbatim=\toks51
\verbatim@line=\toks52
\verbatim@in@stream=\read3
))
(/nix/store/l1iz05g9hz5h2nhnd68a63acs5lxnn1n-texlive-combined-full-2018/share/t
exmf/tex/generic/pgfplots/libs/tikzlibrarypgfplots.units.code.tex)
(/nix/store/l1iz05g9hz5h2nhnd68a63acs5lxnn1n-texlive-combined-full-2018/share/t
exmf/tex/latex/pgfplots/pgfplotstable.sty
(/nix/store/l1iz05g9hz5h2nhnd68a63acs5lxnn1n-texlive-combined-full-2018/share/t
exmf/tex/generic/pgfplots/pgfplots.revision.tex)
Package: pgfplotstable 2018/03/28 v1.16 Table typesetting and Pretty-printing (
1.16)

(/nix/store/l1iz05g9hz5h2nhnd68a63acs5lxnn1n-texlive-combined-full-2018/share/t
exmf/tex/generic/pgfplots/numtable/pgfplotstable.code.tex
(/nix/store/l1iz05g9hz5h2nhnd68a63acs5lxnn1n-texlive-combined-full-2018/share/t
exmf/tex/generic/pgfplots/numtable/pgfplotstable.coltype.code.tex)))
(/nix/store/l1iz05g9hz5h2nhnd68a63acs5lxnn1n-texlive-combined-full-2018/share/t
exmf/tex/latex/listings/listings.sty
\lst@mode=\count339
\lst@gtempboxa=\box69
\lst@token=\toks53
\lst@length=\count340
\lst@currlwidth=\dimen324
\lst@column=\count341
\lst@pos=\count342
\lst@lostspace=\dimen325
\lst@width=\dimen326
\lst@newlines=\count343
\lst@lineno=\count344
\lst@maxwidth=\dimen327

(/nix/store/l1iz05g9hz5h2nhnd68a63acs5lxnn1n-texlive-combined-full-2018/share/t
exmf/tex/latex/listings/lstmisc.sty
File: lstmisc.sty 2018/09/02 1.7 (Carsten Heinz)
\c@lstnumber=\count345
\lst@skipnumbers=\count346
\lst@framebox=\box70
)
(/nix/store/l1iz05g9hz5h2nhnd68a63acs5lxnn1n-texlive-combined-full-2018/share/t
exmf/tex/latex/listings/listings.cfg
File: listings.cfg 2018/09/02 1.7 listings configuration
))
Package: listings 2018/09/02 1.7 (Carsten Heinz)
 (./phys4004_assignment_2_mpi.aux)
\openout1 = `phys4004_assignment_2_mpi.aux'.

LaTeX Font Info:    Checking defaults for OML/cmm/m/it on input line 59.
LaTeX Font Info:    ... okay on input line 59.
LaTeX Font Info:    Checking defaults for T1/cmr/m/n on input line 59.
LaTeX Font Info:    ... okay on input line 59.
LaTeX Font Info:    Checking defaults for OT1/cmr/m/n on input line 59.
LaTeX Font Info:    ... okay on input line 59.
LaTeX Font Info:    Checking defaults for OMS/cmsy/m/n on input line 59.
LaTeX Font Info:    ... okay on input line 59.
LaTeX Font Info:    Checking defaults for OMX/cmex/m/n on input line 59.
LaTeX Font Info:    ... okay on input line 59.
LaTeX Font Info:    Checking defaults for U/cmr/m/n on input line 59.
LaTeX Font Info:    ... okay on input line 59.
LaTeX Font Info:    Checking defaults for PD1/pdf/m/n on input line 59.
LaTeX Font Info:    ... okay on input line 59.
Package nag Info: pgf.sty is broken: disabling dollar check on input line 59.
Package nag Info: Command \frontmatter not defined, skipping amendment on input
 line 59.
Package nag Info: Command \mainmatter not defined, skipping amendment on input 
line 59.
Package nag Info: Command \backmatter not defined, skipping amendment on input 
line 59.
Package nag Info: Command \RaggedLeft not defined, skipping amendment on input 
line 59.
Package nag Info: Command \RaggedRight not defined, skipping amendment on input
 line 59.

(/nix/store/l1iz05g9hz5h2nhnd68a63acs5lxnn1n-texlive-combined-full-2018/share/t
exmf/tex/latex/ucs/ucsencs.def
File: ucsencs.def 2011/01/21 Fixes to fontencodings LGR, T3
)
LaTeX Info: Redefining \microtypecontext on input line 59.
Package microtype Info: Generating PDF output.
Package microtype Info: Character protrusion enabled (level 2).
Package microtype Info: Using default protrusion set `alltext'.
Package microtype Info: Automatic font expansion enabled (level 2),
(microtype)             stretch: 20, shrink: 20, step: 1, non-selected.
Package microtype Info: Using default expansion set `basictext'.
Package microtype Info: No adjustment of tracking.
Package microtype Info: No adjustment of interword spacing.
Package microtype Info: No adjustment of character kerning.

(/nix/store/l1iz05g9hz5h2nhnd68a63acs5lxnn1n-texlive-combined-full-2018/share/t
exmf/tex/latex/microtype/mt-cmr.cfg
File: mt-cmr.cfg 2013/05/19 v2.2 microtype config. file: Computer Modern Roman 
(RS)
)
(/nix/store/l1iz05g9hz5h2nhnd68a63acs5lxnn1n-texlive-combined-full-2018/share/t
exmf/tex/latex/translator/translator-basic-dictionary-English.dict
Dictionary: translator-basic-dictionary, Language: English 
)
(/nix/store/l1iz05g9hz5h2nhnd68a63acs5lxnn1n-texlive-combined-full-2018/share/t
exmf/tex/latex/siunitx/siunitx-abbreviations.cfg
File: siunitx-abbreviations.cfg 2017/11/26 v2.7k siunitx: Abbreviated units
)
*geometry* driver: auto-detecting
*geometry* detected driver: pdftex
*geometry* verbose mode - [ preamble ] result:
* driver: pdftex
* paper: <default>
* layout: <same size as paper>
* layoutoffset:(h,v)=(0.0pt,0.0pt)
* modes: 
* h-part:(L,W,R)=(92.14519pt, 430.00462pt, 92.14519pt)
* v-part:(T,H,B)=(95.39737pt, 556.47656pt, 143.09605pt)
* \paperwidth=614.295pt
* \paperheight=794.96999pt
* \textwidth=430.00462pt
* \textheight=556.47656pt
* \oddsidemargin=19.8752pt
* \evensidemargin=19.8752pt
* \topmargin=-13.87262pt
* \headheight=12.0pt
* \headsep=25.0pt
* \topskip=10.0pt
* \footskip=30.0pt
* \marginparwidth=65.0pt
* \marginparsep=11.0pt
* \columnsep=10.0pt
* \skip\footins=9.0pt plus 4.0pt minus 2.0pt
* \hoffset=0.0pt
* \voffset=0.0pt
* \mag=1000
* \@twocolumnfalse
* \@twosidefalse
* \@mparswitchfalse
* \@reversemarginfalse
* (1in=72.27pt=25.4mm, 1cm=28.453pt)

Package caption Info: Begin \AtBeginDocument code.
Package caption Info: hyperref package is loaded.
Package caption Info: listings package is loaded.
Package caption Info: End \AtBeginDocument code.

(/nix/store/l1iz05g9hz5h2nhnd68a63acs5lxnn1n-texlive-combined-full-2018/share/t
exmf/tex/context/base/mkii/supp-pdf.mkii
[Loading MPS to PDF converter (version 2006.09.02).]
\scratchcounter=\count347
\scratchdimen=\dimen328
\scratchbox=\box71
\nofMPsegments=\count348
\nofMParguments=\count349
\everyMPshowfont=\toks54
\MPscratchCnt=\count350
\MPscratchDim=\dimen329
\MPnumerator=\count351
\makeMPintoPDFobject=\count352
\everyMPtoPDFconversion=\toks55
)
(/nix/store/l1iz05g9hz5h2nhnd68a63acs5lxnn1n-texlive-combined-full-2018/share/t
exmf/tex/latex/oberdiek/epstopdf-base.sty
Package: epstopdf-base 2016/05/15 v2.6 Base part for package epstopdf

(/nix/store/l1iz05g9hz5h2nhnd68a63acs5lxnn1n-texlive-combined-full-2018/share/t
exmf/tex/latex/oberdiek/grfext.sty
Package: grfext 2016/05/16 v1.2 Manage graphics extensions (HO)
)
Package epstopdf-base Info: Redefining graphics rule for `.eps' on input line 4
38.
Package grfext Info: Graphics extension search list:
(grfext)             [.pdf,.png,.jpg,.mps,.jpeg,.jbig2,.jb2,.PDF,.PNG,.JPG,.JPE
G,.JBIG2,.JB2,.eps]
(grfext)             \AppendGraphicsExtensions on input line 456.

(/nix/store/l1iz05g9hz5h2nhnd68a63acs5lxnn1n-texlive-combined-full-2018/share/t
exmf/tex/latex/latexconfig/epstopdf-sys.cfg
File: epstopdf-sys.cfg 2010/07/13 v1.3 Configuration of (r)epstopdf for TeX Liv
e
))
ABD: EveryShipout initializing macros
Package pgfplots notification 'compat/show suggested version=true': you might b
enefit from \pgfplotsset{compat=1.16} (current compat level: 1.13).

\AtBeginShipoutBox=\box72
Package hyperref Info: Link coloring ON on input line 59.

(/nix/store/l1iz05g9hz5h2nhnd68a63acs5lxnn1n-texlive-combined-full-2018/share/t
exmf/tex/latex/hyperref/nameref.sty
Package: nameref 2016/05/21 v2.44 Cross-referencing by name of section

(/nix/store/l1iz05g9hz5h2nhnd68a63acs5lxnn1n-texlive-combined-full-2018/share/t
exmf/tex/generic/oberdiek/gettitlestring.sty
Package: gettitlestring 2016/05/16 v1.5 Cleanup title references (HO)
)
\c@section@level=\count353
)
LaTeX Info: Redefining \ref on input line 59.
LaTeX Info: Redefining \pageref on input line 59.
LaTeX Info: Redefining \nameref on input line 59.
 (./phys4004_assignment_2_mpi.out) (./phys4004_assignment_2_mpi.out)
\@outlinefile=\write4
\openout4 = `phys4004_assignment_2_mpi.out'.

\c@lstlisting=\count354
Package nag Info: Command \captionabove not defined, skipping amendment on inpu
t line 59.
Package nag Info: Command \captionbelow not defined, skipping amendment on inpu
t line 59.
Package nag Info: Command \hc@caption not defined, skipping amendment on input 
line 59.
Package nag Info: Command \topcaption not defined, skipping amendment on input 
line 59.
LaTeX Font Info:    Try loading font information for U+msa on input line 59.

(/nix/store/l1iz05g9hz5h2nhnd68a63acs5lxnn1n-texlive-combined-full-2018/share/t
exmf/tex/latex/amsfonts/umsa.fd
File: umsa.fd 2013/01/14 v3.01 AMS symbols A
)
(/nix/store/l1iz05g9hz5h2nhnd68a63acs5lxnn1n-texlive-combined-full-2018/share/t
exmf/tex/latex/microtype/mt-msa.cfg
File: mt-msa.cfg 2006/02/04 v1.1 microtype config. file: AMS symbols (a) (RS)
)
LaTeX Font Info:    Try loading font information for U+msb on input line 59.

(/nix/store/l1iz05g9hz5h2nhnd68a63acs5lxnn1n-texlive-combined-full-2018/share/t
exmf/tex/latex/amsfonts/umsb.fd
File: umsb.fd 2013/01/14 v3.01 AMS symbols B
)
(/nix/store/l1iz05g9hz5h2nhnd68a63acs5lxnn1n-texlive-combined-full-2018/share/t
exmf/tex/latex/microtype/mt-msb.cfg
File: mt-msb.cfg 2005/06/01 v1.0 microtype config. file: AMS symbols (b) (RS)
)
Package microtype Info: Loading generic protrusion settings for font family
(microtype)             `cmss' (encoding: OT1).
(microtype)             For optimal results, create family-specific settings.
(microtype)             See the microtype manual for details.
Package microtype Info: Loading generic protrusion settings for font family
(microtype)             `cmtt' (encoding: OT1).
(microtype)             For optimal results, create family-specific settings.
(microtype)             See the microtype manual for details.
 (./phys4004_assignment_2_mpi.toc)
\tf@toc=\write5
\openout5 = `phys4004_assignment_2_mpi.toc'.

 [1{/nix/store/l1iz05g9hz5h2nhnd68a63acs5lxnn1n-texlive-combined-full-2018/shar
e/texmf/fonts/map/pdftex/updmap/pdftex.map}

]
LaTeX Font Info:    Try loading font information for OMS+cmr on input line 71.

(/nix/store/l1iz05g9hz5h2nhnd68a63acs5lxnn1n-texlive-combined-full-2018/share/t
exmf/tex/latex/base/omscmr.fd
File: omscmr.fd 2014/09/29 v2.5h Standard LaTeX font definitions
)
LaTeX Font Info:    Font shape `OMS/cmr/m/n' in size <10> not available
(Font)              Font shape `OMS/cmsy/m/n' tried instead on input line 71.
 [2] [3

]
Package pgfplots info on input line 164: Using 'lua backend=false' for axis: st
acked plots unsupported (yet).
 [4

]
Package pgfplots info on input line 227: Using 'lua backend=false' for axis: st
acked plots unsupported (yet).
 [5

]
Package pgfplots info on input line 307: Using 'lua backend=false' for axis: xm
ode=log unsupported (yet).
 [6]
Package pgfplots info on input line 373: Using 'lua backend=false' for axis: st
acked plots unsupported (yet).
 [7

] [8]
(/nix/store/l1iz05g9hz5h2nhnd68a63acs5lxnn1n-texlive-combined-full-2018/share/t
exmf/tex/latex/listings/lstlang1.sty
File: lstlang1.sty 2018/09/02 1.7 listings language file
)
(/nix/store/l1iz05g9hz5h2nhnd68a63acs5lxnn1n-texlive-combined-full-2018/share/t
exmf/tex/latex/listings/lstlang1.sty
File: lstlang1.sty 2018/09/02 1.7 listings language file
)
Package hyperref Info: bookmark level for unknown lstlisting defaults to 0 on i
nput line 423.
 (../src/mandelbrot.f90 [9

]) [10]
(../src/mandelbrot_static.f90 [11] [12] [13] [14]) [15]
(../src/mandelbrot_master_worker.f90 [16] [17] [18] [19] [20] [21] [22]
[23]) [24] (../src/mandelbrot_cyclic.f90 [25] [26] [27] [28])
No complaints by nag.
[29]
Package atveryend Info: Empty hook `BeforeClearDocument' on input line 450.
Package atveryend Info: Empty hook `AfterLastShipout' on input line 450.
 (./phys4004_assignment_2_mpi.aux)
Package atveryend Info: Executing hook `AtVeryEndDocument' on input line 450.
Package atveryend Info: Executing hook `AtEndAfterFileList' on input line 450.
Package rerunfilecheck Info: File `phys4004_assignment_2_mpi.out' has not chang
ed.
(rerunfilecheck)             Checksum: 7A02748D03B123A0E659CE14E21EBDC6;560.
 ) 
Here is how much of TeX's memory you used:
 48968 strings out of 492616
 1114014 string characters out of 6106108
 1971526 words of memory out of 5000000
 50914 multiletter control sequences out of 15000+600000
 546875 words of font info for 110 fonts, out of 8000000 for 9000
 1141 hyphenation exceptions out of 8191
 69i,12n,105p,925b,2584s stack positions out of 5000i,500n,10000p,200000b,80000s
</nix/store/l1iz05g9hz5h2nhnd68a63acs5lxnn1n-texlive-combined-full-2018/share
/texmf/fonts/type1/public/amsfonts/cm/cmbsy10.pfb></nix/store/l1iz05g9hz5h2nhnd
68a63acs5lxnn1n-texlive-combined-full-2018/share/texmf/fonts/type1/public/amsfo
nts/cm/cmbx10.pfb></nix/store/l1iz05g9hz5h2nhnd68a63acs5lxnn1n-texlive-combined
-full-2018/share/texmf/fonts/type1/public/amsfonts/cm/cmbx12.pfb></nix/store/l1
iz05g9hz5h2nhnd68a63acs5lxnn1n-texlive-combined-full-2018/share/texmf/fonts/typ
e1/public/amsfonts/cm/cmmi10.pfb></nix/store/l1iz05g9hz5h2nhnd68a63acs5lxnn1n-t
exlive-combined-full-2018/share/texmf/fonts/type1/public/amsfonts/cm/cmmi6.pfb>
</nix/store/l1iz05g9hz5h2nhnd68a63acs5lxnn1n-texlive-combined-full-2018/share/t
exmf/fonts/type1/public/amsfonts/cm/cmmi9.pfb></nix/store/l1iz05g9hz5h2nhnd68a6
3acs5lxnn1n-texlive-combined-full-2018/share/texmf/fonts/type1/public/amsfonts/
cm/cmr10.pfb></nix/store/l1iz05g9hz5h2nhnd68a63acs5lxnn1n-texlive-combined-full
-2018/share/texmf/fonts/type1/public/amsfonts/cm/cmr6.pfb></nix/store/l1iz05g9h
z5h2nhnd68a63acs5lxnn1n-texlive-combined-full-2018/share/texmf/fonts/type1/publ
ic/amsfonts/cm/cmr7.pfb></nix/store/l1iz05g9hz5h2nhnd68a63acs5lxnn1n-texlive-co
mbined-full-2018/share/texmf/fonts/type1/public/amsfonts/cm/cmr9.pfb></nix/stor
e/l1iz05g9hz5h2nhnd68a63acs5lxnn1n-texlive-combined-full-2018/share/texmf/fonts
/type1/public/amsfonts/cm/cmsy10.pfb></nix/store/l1iz05g9hz5h2nhnd68a63acs5lxnn
1n-texlive-combined-full-2018/share/texmf/fonts/type1/public/amsfonts/cm/cmti9.
pfb></nix/store/l1iz05g9hz5h2nhnd68a63acs5lxnn1n-texlive-combined-full-2018/sha
re/texmf/fonts/type1/public/amsfonts/cm/cmtt10.pfb></nix/store/l1iz05g9hz5h2nhn
d68a63acs5lxnn1n-texlive-combined-full-2018/share/texmf/fonts/type1/public/amsf
onts/cm/cmtt8.pfb></nix/store/l1iz05g9hz5h2nhnd68a63acs5lxnn1n-texlive-combined
-full-2018/share/texmf/fonts/type1/public/amsfonts/cm/cmtt9.pfb>
Output written on phys4004_assignment_2_mpi.pdf (29 pages, 330392 bytes).
PDF statistics:
 1685 PDF objects out of 1728 (max. 8388607)
 1622 compressed objects within 17 object streams
 1213 named destinations out of 1440 (max. 500000)
 23645 words of extra memory for PDF output out of 24883 (max. 10000000)

